<?xml version="1.0" encoding="UTF-8" ?>
<testsuite tests="9" failures="0" name="hmi.flipper.test.TestSuite" time="0.555" errors="0" skipped="0">
  <properties>
[...]
</properties>
  <testcase classname="hmi.flipper.test.js.FlipperJS" name="simpleMath" time="0.432"/>
  <testcase classname="hmi.flipper.test.js.FlipperJS" name="complexIS" time="0.016"/>
  <testcase classname="hmi.flipper.test.js.FlipperJS" name="returnVal" time="0.002"/>
  <testcase classname="hmi.flipper.test.js.FlipperJS" name="jsFunctions" time="0.005"/>
  <testcase classname="hmi.flipper.test.js.FlipperJS" name="comparators" time="0"/>
  <testcase classname="hmi.flipper.test.js.FlipperJS" name="list" time="0.016"/>
  <testcase classname="hmi.flipper.test.js.FlipperJS" name="nullValue" time="0"/>
  <testcase classname="hmi.flipper.test.js.FlipperJS" name="escapeDollar" time="0"/>
  <testcase classname="hmi.flipper.test.js.FlipperJS" name="retrieveFromIS" time="0"/>
</testsuite>